<?xml version="1.0" encoding="UTF-8"?>
<!-- Generated by org.testng.reporters.JUnitXMLReporter -->
<testsuite ignored="0" hostname="Durag" failures="0" tests="3" name="Test2" time="22.909" errors="0" timestamp="2024-06-28T17:40:57 IST">
  <testcase classname="com.w2a.testcases.Addcustomerclass" name="addcustomer" time="7.709"/>
  <testcase classname="com.w2a.testcases.Addcustomerclass" name="addcustomer" time="7.887"/>
  <testcase classname="com.w2a.testcases.Addcustomerclass" name="addcustomer" time="6.645"/>
</testsuite> <!-- Test2 -->
