<?xml version="1.0" encoding="UTF-8"?>
<!-- Generated by org.testng.reporters.JUnitXMLReporter -->
<testsuite ignored="0" hostname="Durag" failures="1" tests="1" name="Test2" time="5.679" errors="0" timestamp="2024-06-17T18:31:23 IST">
  <testcase classname="com.w2a.testcases.Addcustomerclass" name="addcustomer" time="5.654">
    <failure type="java.lang.AssertionError" message="null">
      <![CDATA[java.lang.AssertionError: null
at com.w2a.testcases.Addcustomerclass.addcustomer(Addcustomerclass.java:32)
at java.base/java.util.ArrayList.forEach(ArrayList.java:1511)
... Removed 29 stack frames]]>
    </failure>
  </testcase> <!-- addcustomer -->
</testsuite> <!-- Test2 -->
