<?xml version="1.0" encoding="UTF-8"?>
<!-- Generated by org.testng.reporters.JUnitXMLReporter -->
<testsuite ignored="0" hostname="Durag" failures="1" tests="1" name="Test1" time="0.01" errors="0" timestamp="2024-06-16T17:54:16 IST">
  <testcase classname="com.w2a.testcases.Addcustomerclass" name="addcustomer" time="0.0">
    <failure type="org.testng.TestNGException" message="
Cannot inject @Test annotated Method [addcustomer] with [class java.lang.String, class java.lang.String, class java.lang.String].
For more information on native dependency injection please refer to https://testng.org/doc/documentation-main.html#native-dependency-injection">
      <![CDATA[org.testng.TestNGException: 
Cannot inject @Test annotated Method [addcustomer] with [class java.lang.String, class java.lang.String, class java.lang.String].
For more information on native dependency injection please refer to https://testng.org/doc/documentation-main.html#native-dependency-injection
at java.base/java.util.ArrayList.forEach(ArrayList.java:1511)
... Removed 26 stack frames]]>
    </failure>
  </testcase> <!-- addcustomer -->
</testsuite> <!-- Test1 -->
