<?xml version="1.0" encoding="UTF-8"?>
<testng-results ignored="0" total="5" passed="5" failed="0" skipped="0">
  <reporter-output>
    <line>
      <![CDATA[<br>verification failure : expected:<[abc]> but was:<[xyz]><br>]]>
    </line>
    <line>
      <![CDATA[<a target="_blank"href=Fri_Jun_28_17_40_29_IST_2024.jpg><img src=Fri_Jun_28_17_40_29_IST_2024.jpg height=200 width=200></img></a>]]>
    </line>
    <line>
      <![CDATA[<br>]]>
    </line>
    <line>
      <![CDATA[<br>]]>
    </line>
  </reporter-output>
  <suite started-at="2024-06-28T17:40:29 IST" name="datadrivenbasics" finished-at="2024-06-28T17:41:05 IST" duration-ms="35956">
    <groups>
    </groups>
    <test started-at="2024-06-28T17:40:29 IST" name="Test" finished-at="2024-06-28T17:40:34 IST" duration-ms="4866">
      <class name="com.w2a.testcases.BankManagerLogintest">
        <test-method signature="bankmanagerlogintest()[pri:0, instance:com.w2a.testcases.BankManagerLogintest@600b9d27]" started-at="2024-06-28T17:40:29 IST" name="bankmanagerlogintest" finished-at="2024-06-28T17:40:34 IST" duration-ms="4421" status="PASS">
          <reporter-output>
            <line>
              <![CDATA[<br>verification failure : expected:<[abc]> but was:<[xyz]><br>]]>
            </line>
            <line>
              <![CDATA[<a target="_blank"href=Fri_Jun_28_17_40_29_IST_2024.jpg><img src=Fri_Jun_28_17_40_29_IST_2024.jpg height=200 width=200></img></a>]]>
            </line>
            <line>
              <![CDATA[<br>]]>
            </line>
            <line>
              <![CDATA[<br>]]>
            </line>
          </reporter-output>
        </test-method> <!-- bankmanagerlogintest -->
      </class> <!-- com.w2a.testcases.BankManagerLogintest -->
    </test> <!-- Test -->
    <test started-at="2024-06-28T17:40:34 IST" name="Test2" finished-at="2024-06-28T17:40:57 IST" duration-ms="22909">
      <class name="com.w2a.testcases.Addcustomerclass">
        <test-method signature="addcustomer(java.util.Hashtable)[pri:0, instance:com.w2a.testcases.Addcustomerclass@172b013]" started-at="2024-06-28T17:40:34 IST" name="addcustomer" data-provider="getdata" finished-at="2024-06-28T17:40:42 IST" duration-ms="7709" status="PASS">
          <params>
            <param index="0">
              <value>
                <![CDATA[{postcode=a234, alertext=Customer added successfully, lastname=Arora, runmode=Y, firstname=Raman}]]>
              </value>
            </param>
          </params>
          <reporter-output>
          </reporter-output>
        </test-method> <!-- addcustomer -->
        <test-method signature="addcustomer(java.util.Hashtable)[pri:0, instance:com.w2a.testcases.Addcustomerclass@172b013]" started-at="2024-06-28T17:40:42 IST" name="addcustomer" data-provider="getdata" finished-at="2024-06-28T17:40:50 IST" duration-ms="7887" status="PASS">
          <params>
            <param index="0">
              <value>
                <![CDATA[{postcode=a235, alertext=Customer added successfully, lastname=ramn, runmode=Y, firstname=rahul}]]>
              </value>
            </param>
          </params>
          <reporter-output>
          </reporter-output>
        </test-method> <!-- addcustomer -->
        <test-method signature="addcustomer(java.util.Hashtable)[pri:0, instance:com.w2a.testcases.Addcustomerclass@172b013]" started-at="2024-06-28T17:40:50 IST" name="addcustomer" data-provider="getdata" finished-at="2024-06-28T17:40:57 IST" duration-ms="6645" status="PASS">
          <params>
            <param index="0">
              <value>
                <![CDATA[{postcode=a236, alertext=Customer added successfully, lastname=velu, runmode=Y, firstname=sujan}]]>
              </value>
            </param>
          </params>
          <reporter-output>
          </reporter-output>
        </test-method> <!-- addcustomer -->
      </class> <!-- com.w2a.testcases.Addcustomerclass -->
    </test> <!-- Test2 -->
    <test started-at="2024-06-28T17:40:57 IST" name="Test3" finished-at="2024-06-28T17:41:05 IST" duration-ms="8069">
      <class name="com.w2a.testcases.OpenAccountClass">
        <test-method is-config="true" signature="setup()[pri:0, instance:com.w2a.testcases.OpenAccountClass@401f7633]" started-at="2024-06-28T17:40:24 IST" name="setup" finished-at="2024-06-28T17:40:29 IST" duration-ms="5215" status="PASS">
          <reporter-output>
          </reporter-output>
        </test-method> <!-- setup -->
        <test-method signature="openAccount(java.util.Hashtable)[pri:0, instance:com.w2a.testcases.OpenAccountClass@401f7633]" started-at="2024-06-28T17:40:57 IST" name="openAccount" data-provider="getdata" finished-at="2024-06-28T17:41:05 IST" duration-ms="7847" status="PASS">
          <params>
            <param index="0">
              <value>
                <![CDATA[{currency=Rupee, customer=Raman Arora}]]>
              </value>
            </param>
          </params>
          <reporter-output>
          </reporter-output>
        </test-method> <!-- openAccount -->
        <test-method is-config="true" signature="teardown()[pri:0, instance:com.w2a.testcases.OpenAccountClass@401f7633]" started-at="2024-06-28T17:41:05 IST" name="teardown" finished-at="2024-06-28T17:41:07 IST" duration-ms="2110" status="PASS">
          <reporter-output>
          </reporter-output>
        </test-method> <!-- teardown -->
      </class> <!-- com.w2a.testcases.OpenAccountClass -->
    </test> <!-- Test3 -->
  </suite> <!-- datadrivenbasics -->
</testng-results>
